2023-08-22 01:39:56.191 [info] Log level: Info
2023-08-22 01:39:56.192 [info] Validating found git in: "git"
2023-08-22 01:39:56.192 [info] Using git "2.41.0" from "git"
2023-08-22 01:39:56.192 [info] > git rev-parse --show-toplevel [5ms]
2023-08-22 01:39:56.192 [info] > git rev-parse --git-dir --git-common-dir [1ms]
2023-08-22 01:39:56.204 [info] Open repository: /home/alex/obsidian
2023-08-22 01:39:56.218 [info] > git config --get commit.template [7ms]
2023-08-22 01:39:56.221 [info] > git rev-parse --show-toplevel [4ms]
2023-08-22 01:39:56.229 [info] > git for-each-ref --format=%(refname)%00%(upstream:short)%00%(objectname)%00%(upstream:track)%00%(upstream:remotename)%00%(upstream:remoteref) refs/heads/master refs/remotes/master [1ms]
2023-08-22 01:39:56.241 [info] > git status -z -uall [6ms]
2023-08-22 01:39:56.258 [info] > git rev-parse --show-toplevel [18ms]
2023-08-22 01:39:56.259 [info] > git config --get commit.template [2ms]
2023-08-22 01:39:56.273 [info] > git for-each-ref --format=%(refname)%00%(upstream:short)%00%(objectname)%00%(upstream:track)%00%(upstream:remotename)%00%(upstream:remoteref) refs/heads/master refs/remotes/master [6ms]
2023-08-22 01:39:56.280 [info] > git rev-parse --show-toplevel [7ms]
2023-08-22 01:39:56.285 [info] > git status -z -uall [6ms]
2023-08-22 01:39:56.289 [info] > git rev-parse --show-toplevel [4ms]
2023-08-22 01:39:56.296 [info] > git rev-parse --show-toplevel [1ms]
2023-08-22 01:39:56.308 [info] > git rev-parse --show-toplevel [3ms]
2023-08-22 01:39:56.745 [info] > git check-ignore -v -z --stdin [7ms]
2023-08-22 01:39:59.859 [info] > git check-ignore -v -z --stdin [4ms]
2023-08-22 01:40:02.046 [info] > git check-ignore -v -z --stdin [4ms]
2023-08-22 01:40:02.763 [info] > git show --textconv :1_Projects/Desktop Linux/DWL.md [7ms]
2023-08-22 01:40:02.769 [info] > git ls-files --stage -- /home/alex/obsidian/1_Projects/Desktop Linux/DWL.md [7ms]
2023-08-22 01:40:02.777 [info] > git cat-file -s 22ce0663f78745ee9ccb6339bea52765184efe64 [2ms]
2023-08-22 01:40:24.537 [info] > git show --textconv :1_Projects/Desktop Linux/Git.md [21ms]
2023-08-22 01:40:24.541 [info] > git ls-files --stage -- /home/alex/obsidian/1_Projects/Desktop Linux/Git.md [5ms]
2023-08-22 01:40:24.562 [info] > git cat-file -s 87e60317dd5f716dd4b38826f876e9d68d9abca5 [5ms]
2023-08-22 01:40:25.771 [info] > git show --textconv :1_Projects/Desktop Linux/VSCode.md [30ms]
2023-08-22 01:40:25.777 [info] > git ls-files --stage -- /home/alex/obsidian/1_Projects/Desktop Linux/VSCode.md [16ms]
2023-08-22 01:40:25.795 [info] > git cat-file -s c3bb8ae9f98eda3492e7d3eb357b7322ffb9cb86 [4ms]
2023-08-22 01:40:51.229 [info] > git show --textconv :1_Projects/Desktop Linux/Git.md [6ms]
2023-08-22 01:40:51.230 [info] > git ls-files --stage -- /home/alex/obsidian/1_Projects/Desktop Linux/Git.md [2ms]
2023-08-22 01:40:51.237 [info] > git cat-file -s 87e60317dd5f716dd4b38826f876e9d68d9abca5 [2ms]
2023-08-22 01:41:14.500 [info] > git check-ignore -v -z --stdin [1ms]
2023-08-22 01:41:21.754 [info] > git show --textconv HEAD:.obsidian/workspace.json [8ms]
2023-08-22 01:41:21.760 [info] > git ls-tree -l HEAD -- /home/alex/obsidian/.obsidian/workspace.json [8ms]
2023-08-22 01:41:35.295 [info] > git config --get commit.template [7ms]
2023-08-22 01:41:35.295 [info] > git for-each-ref --format=%(refname)%00%(upstream:short)%00%(objectname)%00%(upstream:track)%00%(upstream:remotename)%00%(upstream:remoteref) refs/heads/master refs/remotes/master [2ms]
2023-08-22 01:41:35.303 [info] > git status -z -uall [2ms]
2023-08-22 01:41:35.689 [info] > git show --textconv :.gitignore [20ms]
2023-08-22 01:41:35.692 [info] > git ls-files --stage -- /home/alex/obsidian/.gitignore [5ms]
2023-08-22 01:41:35.716 [info] > git cat-file -s 65eb5a6bb0939ed40ec2f63e6486a14c31498b70 [5ms]
2023-08-22 01:41:35.914 [info] > git check-ignore -v -z --stdin [6ms]
2023-08-22 01:41:36.396 [info] > git config --get commit.template [23ms]
2023-08-22 01:41:36.398 [info] > git for-each-ref --format=%(refname)%00%(upstream:short)%00%(objectname)%00%(upstream:track)%00%(upstream:remotename)%00%(upstream:remoteref) refs/heads/master refs/remotes/master [5ms]
2023-08-22 01:41:36.425 [info] > git status -z -uall [7ms]
2023-08-22 01:41:37.940 [info] > git show --textconv HEAD:.gitignore [7ms]
2023-08-22 01:41:37.941 [info] > git ls-tree -l HEAD -- /home/alex/obsidian/.gitignore [2ms]
2023-08-22 01:42:03.975 [info] > git check-ignore -v -z --stdin [1ms]
2023-08-22 01:42:04.431 [info] > git config --get commit.template [21ms]
2023-08-22 01:42:04.434 [info] > git for-each-ref --format=%(refname)%00%(upstream:short)%00%(objectname)%00%(upstream:track)%00%(upstream:remotename)%00%(upstream:remoteref) refs/heads/master refs/remotes/master [4ms]
2023-08-22 01:42:04.458 [info] > git status -z -uall [7ms]
2023-08-22 01:42:10.369 [info] > git check-ignore -v -z --stdin [1ms]
2023-08-22 01:42:10.816 [info] > git config --get commit.template [1ms]
2023-08-22 01:42:10.824 [info] > git for-each-ref --format=%(refname)%00%(upstream:short)%00%(objectname)%00%(upstream:track)%00%(upstream:remotename)%00%(upstream:remoteref) refs/heads/master refs/remotes/master [2ms]
2023-08-22 01:42:10.831 [info] > git status -z -uall [2ms]
2023-08-22 01:42:17.299 [info] > git ls-tree -l HEAD -- /home/alex/obsidian/.gitignore [3ms]
2023-08-22 01:42:18.100 [info] > git checkout -q -- /home/alex/obsidian/.obsidian/workspace.json [16ms]
2023-08-22 01:42:18.111 [info] > git ls-tree -l HEAD -- /home/alex/obsidian/.gitignore [11ms]
2023-08-22 01:42:18.112 [info] > git config --get commit.template [2ms]
2023-08-22 01:42:18.122 [info] > git for-each-ref --format=%(refname)%00%(upstream:short)%00%(objectname)%00%(upstream:track)%00%(upstream:remotename)%00%(upstream:remoteref) refs/heads/master refs/remotes/master [2ms]
2023-08-22 01:42:18.133 [info] > git status -z -uall [3ms]
2023-08-22 01:42:19.212 [info] > git config --get commit.template [21ms]
2023-08-22 01:42:19.214 [info] > git for-each-ref --format=%(refname)%00%(upstream:short)%00%(objectname)%00%(upstream:track)%00%(upstream:remotename)%00%(upstream:remoteref) refs/heads/master refs/remotes/master [5ms]
2023-08-22 01:42:19.235 [info] > git status -z -uall [5ms]
2023-08-22 01:42:19.303 [info] > git ls-files --stage -- /home/alex/obsidian/.gitignore [15ms]
2023-08-22 01:42:19.314 [info] > git ls-tree -l HEAD -- /home/alex/obsidian/.gitignore [12ms]
2023-08-22 01:42:19.315 [info] > git cat-file -s 65eb5a6bb0939ed40ec2f63e6486a14c31498b70 [3ms]
2023-08-22 01:42:19.329 [info] > git show --textconv HEAD:.gitignore [6ms]
2023-08-22 01:42:19.330 [info] > git show --textconv :.gitignore [1ms]
2023-08-22 01:42:21.520 [info] > git checkout -q -- /home/alex/obsidian/.gitignore [13ms]
2023-08-22 01:42:21.528 [info] > git ls-tree -l HEAD -- /home/alex/obsidian/.gitignore [10ms]
2023-08-22 01:42:21.529 [info] > git config --get commit.template [2ms]
2023-08-22 01:42:21.537 [info] > git for-each-ref --format=%(refname)%00%(upstream:short)%00%(objectname)%00%(upstream:track)%00%(upstream:remotename)%00%(upstream:remoteref) refs/heads/master refs/remotes/master [1ms]
2023-08-22 01:42:21.544 [info] > git status -z -uall [2ms]
2023-08-22 01:42:22.727 [info] > git ls-files --stage -- /home/alex/obsidian/.gitignore [19ms]
2023-08-22 01:42:22.741 [info] > git ls-tree -l HEAD -- /home/alex/obsidian/.gitignore [19ms]
2023-08-22 01:42:22.743 [info] > git cat-file -s 65eb5a6bb0939ed40ec2f63e6486a14c31498b70 [4ms]
2023-08-22 01:42:22.770 [info] > git show --textconv HEAD:.gitignore [12ms]
2023-08-22 01:42:22.771 [info] > git show --textconv :.gitignore [3ms]
2023-08-22 01:42:23.793 [info] > git check-ignore -v -z --stdin [2ms]
2023-08-22 01:42:24.281 [info] > git config --get commit.template [20ms]
2023-08-22 01:42:24.283 [info] > git for-each-ref --format=%(refname)%00%(upstream:short)%00%(objectname)%00%(upstream:track)%00%(upstream:remotename)%00%(upstream:remoteref) refs/heads/master refs/remotes/master [5ms]
2023-08-22 01:42:24.307 [info] > git status -z -uall [7ms]
2023-08-22 01:42:29.905 [info] > git show --textconv :1_Projects/Desktop Linux/Zsh.md [20ms]
2023-08-22 01:42:29.909 [info] > git ls-files --stage -- /home/alex/obsidian/1_Projects/Desktop Linux/Zsh.md [5ms]
2023-08-22 01:42:29.930 [info] > git cat-file -s 2cf26b8379983361e4dd930b61ebf0bed1df43e7 [4ms]
2023-08-22 01:43:37.608 [info] > git check-ignore -v -z --stdin [1ms]
2023-08-22 01:43:38.420 [info] > git show --textconv :1_Projects/Phylosophy/1_Directions.md [21ms]
2023-08-22 01:43:38.421 [info] > git ls-files --stage -- /home/alex/obsidian/1_Projects/Phylosophy/1_Directions.md [16ms]
2023-08-22 01:43:38.430 [info] > git cat-file -s 5cdd5b8707b455022d8e180bb7df484f0a26600c [2ms]
2023-08-22 01:43:46.191 [info] > git show --textconv :1_Projects/Phylosophy/2023-08-09_Fundamental_things_I_dont_understand.md [9ms]
2023-08-22 01:43:46.192 [info] > git ls-files --stage -- /home/alex/obsidian/1_Projects/Phylosophy/2023-08-09_Fundamental_things_I_dont_understand.md [2ms]
2023-08-22 01:43:46.199 [info] > git cat-file -s 2598874eeddbff07906dcf51e64c2a2d7ae1ddaa [1ms]
2023-08-22 01:44:15.822 [info] > git show --textconv :1_Projects/Phylosophy/1_Directions.md [26ms]
2023-08-22 01:44:15.825 [info] > git ls-files --stage -- /home/alex/obsidian/1_Projects/Phylosophy/1_Directions.md [6ms]
2023-08-22 01:44:15.841 [info] > git cat-file -s 5cdd5b8707b455022d8e180bb7df484f0a26600c [2ms]
2023-08-22 01:44:25.069 [info] > git show --textconv :1_Projects/Phylosophy/2023-08-15_Entropy.md [7ms]
2023-08-22 01:44:25.070 [info] > git ls-files --stage -- /home/alex/obsidian/1_Projects/Phylosophy/2023-08-15_Entropy.md [2ms]
2023-08-22 01:44:25.077 [info] > git cat-file -s af26d9d5cdf8b5bba8ad8e6e4a02d8617023e6a5 [2ms]
2023-08-22 01:44:29.053 [info] > git show --textconv :1_Projects/Phylosophy/2023-08-15_definition_of_time.md [17ms]
2023-08-22 01:44:29.056 [info] > git ls-files --stage -- /home/alex/obsidian/1_Projects/Phylosophy/2023-08-15_definition_of_time.md [4ms]
2023-08-22 01:44:29.063 [info] > git cat-file -s 461f2d876e028c18671e28b6ca26c09e80d80e40 [1ms]
2023-08-22 01:44:52.816 [info] > git show --textconv :1_Projects/Phylosophy/2023-08-15_Entropy.md [7ms]
2023-08-22 01:44:52.817 [info] > git ls-files --stage -- /home/alex/obsidian/1_Projects/Phylosophy/2023-08-15_Entropy.md [1ms]
2023-08-22 01:44:52.825 [info] > git cat-file -s af26d9d5cdf8b5bba8ad8e6e4a02d8617023e6a5 [1ms]
2023-08-22 01:45:15.186 [info] > git show --textconv :1_Projects/Phylosophy/2023-08-09_Fundamental_things_I_dont_understand.md [15ms]
2023-08-22 01:45:15.187 [info] > git ls-files --stage -- /home/alex/obsidian/1_Projects/Phylosophy/2023-08-09_Fundamental_things_I_dont_understand.md [2ms]
2023-08-22 01:45:15.196 [info] > git cat-file -s 2598874eeddbff07906dcf51e64c2a2d7ae1ddaa [2ms]
2023-08-22 01:45:22.269 [info] > git show --textconv :1_Projects/Phylosophy/2023-08-15_Entropy.md [6ms]
2023-08-22 01:45:22.270 [info] > git ls-files --stage -- /home/alex/obsidian/1_Projects/Phylosophy/2023-08-15_Entropy.md [1ms]
2023-08-22 01:45:22.277 [info] > git cat-file -s af26d9d5cdf8b5bba8ad8e6e4a02d8617023e6a5 [2ms]
2023-08-22 01:45:25.189 [info] > git show --textconv :1_Projects/Phylosophy/2023-08-15_definition_of_time.md [7ms]
2023-08-22 01:45:25.190 [info] > git ls-files --stage -- /home/alex/obsidian/1_Projects/Phylosophy/2023-08-15_definition_of_time.md [1ms]
2023-08-22 01:45:25.198 [info] > git cat-file -s 461f2d876e028c18671e28b6ca26c09e80d80e40 [2ms]
2023-08-22 01:45:52.051 [info] > git show --textconv :1_Projects/Phylosophy/2023-08-09_Subject_and_Matter.md [8ms]
2023-08-22 01:45:52.052 [info] > git ls-files --stage -- /home/alex/obsidian/1_Projects/Phylosophy/2023-08-09_Subject_and_Matter.md [1ms]
2023-08-22 01:45:52.059 [info] > git cat-file -s defb704277b326b5389e9063280e7c227066d09f [1ms]
2023-08-22 01:45:52.801 [info] > git show --textconv :1_Projects/Phylosophy/2023-08-09_Subject.md [13ms]
2023-08-22 01:45:52.803 [info] > git ls-files --stage -- /home/alex/obsidian/1_Projects/Phylosophy/2023-08-09_Subject.md [3ms]
2023-08-22 01:45:52.812 [info] > git cat-file -s c14489e6d915a9fc59817e3f2571c90644d23830 [2ms]
2023-08-22 01:45:54.636 [info] > git show --textconv :1_Projects/Phylosophy/2023-08-09_Stoic_approach_to_subject.md [7ms]
2023-08-22 01:45:54.637 [info] > git ls-files --stage -- /home/alex/obsidian/1_Projects/Phylosophy/2023-08-09_Stoic_approach_to_subject.md [2ms]
2023-08-22 01:45:54.644 [info] > git cat-file -s 727619e3dc506bb60920f0608e63266a2ef8a550 [1ms]
2023-08-22 01:45:58.451 [info] > git show --textconv :1_Projects/Phylosophy/2023-08-09_Subject.md [7ms]
2023-08-22 01:45:58.452 [info] > git ls-files --stage -- /home/alex/obsidian/1_Projects/Phylosophy/2023-08-09_Subject.md [2ms]
2023-08-22 01:45:58.460 [info] > git cat-file -s c14489e6d915a9fc59817e3f2571c90644d23830 [2ms]
2023-08-22 01:46:00.061 [info] > git show --textconv :1_Projects/Phylosophy/2023-08-09_Stoic_approach_to_subject.md [7ms]
2023-08-22 01:46:00.062 [info] > git ls-files --stage -- /home/alex/obsidian/1_Projects/Phylosophy/2023-08-09_Stoic_approach_to_subject.md [1ms]
2023-08-22 01:46:00.069 [info] > git cat-file -s 727619e3dc506bb60920f0608e63266a2ef8a550 [1ms]
2023-08-22 01:46:01.906 [info] > git show --textconv :1_Projects/Phylosophy/2023-08-15_one-way_processes.md [7ms]
2023-08-22 01:46:01.907 [info] > git ls-files --stage -- /home/alex/obsidian/1_Projects/Phylosophy/2023-08-15_one-way_processes.md [1ms]
2023-08-22 01:46:01.914 [info] > git cat-file -s c124829c49bbde6e9d5996696cb2f1d4b9ec14e2 [1ms]
2023-08-22 01:46:04.090 [info] > git show --textconv :1_Projects/Phylosophy/2023-08-15_thinking_too_much.md [7ms]
2023-08-22 01:46:04.092 [info] > git ls-files --stage -- /home/alex/obsidian/1_Projects/Phylosophy/2023-08-15_thinking_too_much.md [1ms]
2023-08-22 01:46:04.098 [info] > git cat-file -s d73f8f8874bae5743524870deb9eb52b233de4e0 [1ms]
2023-08-22 01:46:11.250 [info] > git show --textconv :1_Projects/Phylosophy/2023-08-15_one-way_processes.md [7ms]
2023-08-22 01:46:11.251 [info] > git ls-files --stage -- /home/alex/obsidian/1_Projects/Phylosophy/2023-08-15_one-way_processes.md [2ms]
2023-08-22 01:46:11.258 [info] > git cat-file -s c124829c49bbde6e9d5996696cb2f1d4b9ec14e2 [1ms]
2023-08-22 01:46:12.085 [info] > git show --textconv :1_Projects/Phylosophy/2023-08-09_Stoic_approach_to_subject.md [7ms]
2023-08-22 01:46:12.086 [info] > git ls-files --stage -- /home/alex/obsidian/1_Projects/Phylosophy/2023-08-09_Stoic_approach_to_subject.md [1ms]
2023-08-22 01:46:12.093 [info] > git cat-file -s 727619e3dc506bb60920f0608e63266a2ef8a550 [1ms]
2023-08-22 01:46:13.961 [info] > git show --textconv :1_Projects/Phylosophy/2023-08-09_Subject.md [7ms]
2023-08-22 01:46:13.962 [info] > git ls-files --stage -- /home/alex/obsidian/1_Projects/Phylosophy/2023-08-09_Subject.md [2ms]
2023-08-22 01:46:13.968 [info] > git cat-file -s c14489e6d915a9fc59817e3f2571c90644d23830 [1ms]
2023-08-22 01:46:15.313 [info] > git show --textconv :1_Projects/Phylosophy/2023-08-09_Stoic_approach_to_subject.md [9ms]
2023-08-22 01:46:15.313 [info] > git ls-files --stage -- /home/alex/obsidian/1_Projects/Phylosophy/2023-08-09_Stoic_approach_to_subject.md [2ms]
2023-08-22 01:46:15.320 [info] > git cat-file -s 727619e3dc506bb60920f0608e63266a2ef8a550 [1ms]
2023-08-22 01:46:16.153 [info] > git show --textconv :1_Projects/Phylosophy/2023-08-09_Subject.md [7ms]
2023-08-22 01:46:16.155 [info] > git ls-files --stage -- /home/alex/obsidian/1_Projects/Phylosophy/2023-08-09_Subject.md [3ms]
2023-08-22 01:46:16.164 [info] > git cat-file -s c14489e6d915a9fc59817e3f2571c90644d23830 [2ms]
2023-08-22 01:46:16.694 [info] > git show --textconv :1_Projects/Phylosophy/2023-08-09_Subject_and_Matter.md [7ms]
2023-08-22 01:46:16.695 [info] > git ls-files --stage -- /home/alex/obsidian/1_Projects/Phylosophy/2023-08-09_Subject_and_Matter.md [2ms]
2023-08-22 01:46:16.701 [info] > git cat-file -s defb704277b326b5389e9063280e7c227066d09f [1ms]
