2023-08-16 22:03:49 Loading main app package /usr/lib/obsidian/obsidian.asar
2023-08-16 22:03:53 Loading main app package /usr/lib/obsidian/obsidian.asar
2023-08-16 22:03:53 Checking for update using Github
2023-08-16 22:03:53 Success.
2023-08-16 22:03:53 Latest version is 1.3.7
2023-08-16 22:03:53 App is up to date.
2023-08-16 22:04:47 Loading main app package /usr/lib/obsidian/obsidian.asar
2023-08-16 22:05:20 Loading main app package /usr/lib/obsidian/obsidian.asar
2023-08-16 22:05:27 Loading main app package /usr/lib/obsidian/obsidian.asar
2023-08-16 22:05:27 Checking for update using Github
2023-08-16 22:05:27 Success.
2023-08-16 22:05:27 Latest version is 1.3.7
2023-08-16 22:05:27 App is up to date.
2023-08-16 22:07:28 Loading main app package /usr/lib/obsidian/obsidian.asar
2023-08-16 22:07:28 Checking for update using Github
2023-08-16 22:07:28 Success.
2023-08-16 22:07:28 Latest version is 1.3.7
2023-08-16 22:07:28 App is up to date.
2023-08-17 07:30:25 Loading main app package /usr/lib/obsidian/obsidian.asar
2023-08-17 07:30:26 Checking for update using Github
2023-08-17 07:30:26 Success.
2023-08-17 07:30:26 Latest version is 1.3.7
2023-08-17 07:30:26 App is up to date.
2023-08-17 08:26:57 Loading main app package /usr/lib/obsidian/obsidian.asar
2023-08-17 08:26:58 Checking for update using Github
2023-08-17 08:26:58 Success.
2023-08-17 08:26:58 Latest version is 1.3.7
2023-08-17 08:26:58 App is up to date.
2023-08-20 18:50:21 Loading main app package /usr/lib/obsidian/obsidian.asar
2023-08-20 18:50:22 Checking for update using Github
2023-08-20 18:50:22 Success.
2023-08-20 18:50:22 Latest version is 1.3.7
2023-08-20 18:50:22 App is up to date.
2023-08-21 07:29:48 Loading main app package /usr/lib/obsidian/obsidian.asar
2023-08-21 07:29:48 Checking for update using Github
2023-08-21 07:29:48 Success.
2023-08-21 07:29:48 Latest version is 1.3.7
2023-08-21 07:29:48 App is up to date.
2023-08-21 22:52:41 Loading main app package /usr/lib/obsidian/obsidian.asar
2023-08-21 22:52:41 Checking for update using Github
2023-08-21 22:52:41 Success.
2023-08-21 22:52:41 Latest version is 1.3.7
2023-08-21 22:52:41 App is up to date.
2023-08-21 23:00:28 Loading main app package /usr/lib/obsidian/obsidian.asar
2023-08-21 23:00:28 Checking for update using Github
2023-08-21 23:00:28 Success.
2023-08-21 23:00:28 Latest version is 1.3.7
2023-08-21 23:00:28 App is up to date.
2023-08-21 23:22:52 Loading main app package /usr/lib/obsidian/obsidian.asar
2023-08-21 23:22:53 Checking for update using Github
2023-08-21 23:22:53 Success.
2023-08-21 23:22:53 Latest version is 1.3.7
2023-08-21 23:22:53 App is up to date.
2023-08-21 23:28:56 Loading main app package /usr/lib/obsidian/obsidian.asar
2023-08-21 23:28:56 Checking for update using Github
2023-08-21 23:28:56 Success.
2023-08-21 23:28:56 Latest version is 1.3.7
2023-08-21 23:28:56 App is up to date.
2023-08-22 09:00:51 Loading main app package /usr/lib/obsidian/obsidian.asar
2023-08-22 09:00:51 Checking for update using Github
2023-08-22 09:00:51 Success.
2023-08-22 09:00:51 Latest version is 1.3.7
2023-08-22 09:00:51 App is up to date.
2023-08-23 07:15:36 Loading main app package /usr/lib/obsidian/obsidian.asar
2023-08-23 07:15:36 Checking for update using Github
2023-08-23 07:15:36 Success.
2023-08-23 07:15:36 Latest version is 1.3.7
2023-08-23 07:15:36 App is up to date.
