2023-08-21 09:21:18.902 [trace] [File Watcher (node.js)] Request to start watching: /home/alex/.config/Code - OSS/User (excludes: <none>, includes: <all>),/home/alex/.config/Code - OSS/User/settings.json (excludes: <none>, includes: <all>)
2023-08-21 09:21:18.902 [debug] Starting VS Code
2023-08-21 09:21:18.902 [debug] from: /usr/lib/code
2023-08-21 09:21:18.902 [debug] args: {"_":[],"diff":false,"merge":false,"add":false,"goto":false,"new-window":false,"reuse-window":false,"wait":false,"help":false,"list-extensions":false,"show-versions":false,"pre-release":false,"version":false,"verbose":true,"status":false,"prof-startup":false,"no-cached-data":false,"prof-v8-extensions":false,"disable-extensions":false,"disable-gpu":false,"disable-chromium-sandbox":false,"ms-enable-electron-run-as-node":false,"telemetry":false,"debugRenderer":false,"enable-smoke-test-driver":false,"logExtensionHostCommunication":false,"skip-release-notes":false,"skip-welcome":false,"disable-telemetry":false,"disable-updates":false,"disable-keytar":false,"disable-workspace-trust":false,"disable-crash-reporter":false,"skip-add-to-recently-opened":false,"unity-launch":false,"open-url":false,"file-write":false,"file-chmod":false,"force":false,"do-not-sync":false,"trace":false,"force-user-env":false,"force-disable-user-env":false,"open-devtools":false,"disable-gpu-sandbox":false,"__enable-file-policy":false,"enable-coi":false,"no-proxy-server":false,"no-sandbox":false,"nolazy":false,"force-renderer-accessibility":false,"ignore-certificate-errors":false,"allow-insecure-localhost":false,"disable-dev-shm-usage":false,"profile-temp":false,"logsPath":"/home/alex/.config/Code - OSS/logs/20230821T092118"}
2023-08-21 09:21:18.902 [trace] Resolving machine identifier...
2023-08-21 09:21:18.902 [trace] Resolved machine identifier: 6128c6496f07f6bae6fd20cc535d76bbf407e0eef1836361df74d7028d93b0af
2023-08-21 09:21:18.902 [trace] Main->SharedProcess#connect
2023-08-21 09:21:18.902 [trace] StorageMainService: creating application storage
2023-08-21 09:21:18.902 [trace] ElectronURLListener: waiting for window to be ready to handle URLs...
2023-08-21 09:21:18.902 [trace] lifecycle (main): phase changed (value: 2)
2023-08-21 09:21:18.902 [trace] windowsManager#open
2023-08-21 09:21:18.902 [trace] windowsManager#open pathsToOpen [{}]
2023-08-21 09:21:18.902 [trace] windowsManager#doOpenEmpty {"restore":false,"forceNewWindow":false}
2023-08-21 09:21:18.902 [trace] IPC Object URL: Registered new channel vscode:f56966e8-d824-4336-9171-881ee14f768d.
2023-08-21 09:21:18.902 [trace] window#validateWindowState: validating window state on 1 display(s) {"width":1024,"height":768,"mode":1,"x":768,"y":336,"hasDefaultState":true}
2023-08-21 09:21:18.902 [trace] window#validateWindowState: 1 monitor working area {"x":0,"y":0,"width":2560,"height":1440}
2023-08-21 09:21:18.902 [trace] window#ctor: using window state {"width":1024,"height":768,"mode":1,"x":768,"y":336,"hasDefaultState":true}
2023-08-21 09:21:18.902 [trace] window#load: attempt to load window (id: 1)
2023-08-21 09:21:18.902 [trace] windowsManager#open used window count 1 (workspacesToOpen: 0, foldersToOpen: 0, emptyToRestore: 0, emptyToOpen: 1)
2023-08-21 09:21:18.902 [trace] lifecycle (main): phase changed (value: 3)
2023-08-21 09:21:18.902 [trace] resolveShellEnv(): skipped (VSCODE_CLI is set)
2023-08-21 09:21:18.902 [info] update#setState disabled
2023-08-21 09:21:18.902 [info] update#ctor - updates are disabled as there is no update URL
2023-08-21 09:21:18.908 [trace] [File Watcher (node.js)] Started watching: '/home/alex/.config/Code - OSS/User'
2023-08-21 09:21:18.910 [trace] [File Watcher (node.js)] Error: ENOENT: no such file or directory, stat '/home/alex/.config/Code - OSS/User/settings.json'
2023-08-21 09:21:18.932 [trace] resolveShellEnv(): skipped (VSCODE_CLI is set)
