2023-08-22 01:49:45.665 [info] Log level: Info
2023-08-22 01:49:45.665 [info] Validating found git in: "git"
2023-08-22 01:49:45.665 [info] Using git "2.41.0" from "git"
2023-08-22 01:49:45.665 [info] > git rev-parse --show-toplevel [4ms]
2023-08-22 01:49:45.666 [info] > git rev-parse --git-dir --git-common-dir [2ms]
2023-08-22 01:49:45.676 [info] Open repository: /home/alex/obsidian
2023-08-22 01:49:45.711 [info] > git config --get commit.template [22ms]
2023-08-22 01:49:45.721 [info] > git rev-parse --show-toplevel [14ms]
2023-08-22 01:49:45.722 [info] > git for-each-ref --format=%(refname)%00%(upstream:short)%00%(objectname)%00%(upstream:track)%00%(upstream:remotename)%00%(upstream:remoteref) refs/heads/master refs/remotes/master [3ms]
2023-08-22 01:49:45.733 [info] > git status -z -uall [3ms]
2023-08-22 01:49:45.757 [info] > git config --get commit.template [7ms]
2023-08-22 01:49:45.765 [info] > git rev-parse --show-toplevel [9ms]
2023-08-22 01:49:45.768 [info] > git for-each-ref --format=%(refname)%00%(upstream:short)%00%(objectname)%00%(upstream:track)%00%(upstream:remotename)%00%(upstream:remoteref) refs/heads/master refs/remotes/master [2ms]
2023-08-22 01:49:45.783 [info] > git status -z -uall [8ms]
2023-08-22 01:49:45.787 [info] > git rev-parse --show-toplevel [4ms]
2023-08-22 01:49:45.796 [info] > git rev-parse --show-toplevel [2ms]
2023-08-22 01:49:45.804 [info] > git rev-parse --show-toplevel [2ms]
2023-08-22 01:49:45.813 [info] > git rev-parse --show-toplevel [1ms]
2023-08-22 01:49:45.820 [info] > git rev-parse --show-toplevel [1ms]
2023-08-22 01:49:46.057 [info] > git show --textconv :1_Projects/Phylosophy/2023-08-09_Subject_and_Matter.md [48ms]
2023-08-22 01:49:46.061 [info] > git ls-files --stage -- /home/alex/obsidian/1_Projects/Phylosophy/2023-08-09_Subject_and_Matter.md [27ms]
2023-08-22 01:49:46.077 [info] > git cat-file -s defb704277b326b5389e9063280e7c227066d09f [2ms]
2023-08-22 01:49:46.219 [info] > git check-ignore -v -z --stdin [6ms]
2023-08-22 01:49:48.363 [info] > git show --textconv :1_Projects/Phylosophy/2023-08-09_Subject.md [23ms]
2023-08-22 01:49:48.368 [info] > git ls-files --stage -- /home/alex/obsidian/1_Projects/Phylosophy/2023-08-09_Subject.md [6ms]
2023-08-22 01:49:48.391 [info] > git cat-file -s c14489e6d915a9fc59817e3f2571c90644d23830 [4ms]
2023-08-22 01:49:49.467 [info] > git show --textconv :1_Projects/Phylosophy/2023-08-15_Entropy.md [22ms]
2023-08-22 01:49:49.471 [info] > git ls-files --stage -- /home/alex/obsidian/1_Projects/Phylosophy/2023-08-15_Entropy.md [5ms]
2023-08-22 01:49:49.495 [info] > git cat-file -s af26d9d5cdf8b5bba8ad8e6e4a02d8617023e6a5 [6ms]
2023-08-22 01:49:55.759 [info] > git show --textconv :1_Projects/Phylosophy/2023-08-15_definition_of_time.md [9ms]
2023-08-22 01:49:55.759 [info] > git ls-files --stage -- /home/alex/obsidian/1_Projects/Phylosophy/2023-08-15_definition_of_time.md [1ms]
2023-08-22 01:49:55.765 [info] > git cat-file -s 461f2d876e028c18671e28b6ca26c09e80d80e40 [1ms]
2023-08-22 01:49:57.068 [info] > git show --textconv :1_Projects/Phylosophy/2023-08-09_Subject.md [6ms]
2023-08-22 01:49:57.069 [info] > git ls-files --stage -- /home/alex/obsidian/1_Projects/Phylosophy/2023-08-09_Subject.md [1ms]
2023-08-22 01:49:57.078 [info] > git cat-file -s c14489e6d915a9fc59817e3f2571c90644d23830 [2ms]
2023-08-22 01:49:59.235 [info] > git show --textconv :1_Projects/Phylosophy/2023-08-09_Stoic_approach_to_subject.md [7ms]
2023-08-22 01:49:59.236 [info] > git ls-files --stage -- /home/alex/obsidian/1_Projects/Phylosophy/2023-08-09_Stoic_approach_to_subject.md [2ms]
2023-08-22 01:49:59.244 [info] > git cat-file -s 727619e3dc506bb60920f0608e63266a2ef8a550 [1ms]
2023-08-22 01:50:04.371 [info] > git show --textconv :1_Projects/Phylosophy/2023-08-09_Subject.md [12ms]
2023-08-22 01:50:04.371 [info] > git ls-files --stage -- /home/alex/obsidian/1_Projects/Phylosophy/2023-08-09_Subject.md [1ms]
2023-08-22 01:50:04.384 [info] > git cat-file -s c14489e6d915a9fc59817e3f2571c90644d23830 [1ms]
2023-08-22 01:50:05.794 [info] > git show --textconv :1_Projects/Phylosophy/2023-08-15_definition_of_time.md [8ms]
2023-08-22 01:50:05.795 [info] > git ls-files --stage -- /home/alex/obsidian/1_Projects/Phylosophy/2023-08-15_definition_of_time.md [2ms]
2023-08-22 01:50:05.802 [info] > git cat-file -s 461f2d876e028c18671e28b6ca26c09e80d80e40 [1ms]
2023-08-22 01:50:07.211 [info] > git show --textconv :1_Projects/Phylosophy/2023-08-15_Entropy.md [7ms]
2023-08-22 01:50:07.212 [info] > git ls-files --stage -- /home/alex/obsidian/1_Projects/Phylosophy/2023-08-15_Entropy.md [1ms]
2023-08-22 01:50:07.218 [info] > git cat-file -s af26d9d5cdf8b5bba8ad8e6e4a02d8617023e6a5 [1ms]
2023-08-22 01:50:51.917 [info] > git show --textconv :1_Projects/Phylosophy/2023-08-09_Subject.md [7ms]
2023-08-22 01:50:51.919 [info] > git ls-files --stage -- /home/alex/obsidian/1_Projects/Phylosophy/2023-08-09_Subject.md [1ms]
2023-08-22 01:50:51.926 [info] > git cat-file -s c14489e6d915a9fc59817e3f2571c90644d23830 [2ms]
2023-08-22 01:50:52.678 [info] > git show --textconv :1_Projects/Phylosophy/2023-08-09_Subject_and_Matter.md [7ms]
2023-08-22 01:50:52.679 [info] > git ls-files --stage -- /home/alex/obsidian/1_Projects/Phylosophy/2023-08-09_Subject_and_Matter.md [2ms]
2023-08-22 01:50:52.687 [info] > git cat-file -s defb704277b326b5389e9063280e7c227066d09f [2ms]
2023-08-22 01:50:53.784 [info] > git show --textconv :1_Projects/Phylosophy/2023-08-09_Fundamental_things_I_dont_understand.md [6ms]
2023-08-22 01:50:53.785 [info] > git ls-files --stage -- /home/alex/obsidian/1_Projects/Phylosophy/2023-08-09_Fundamental_things_I_dont_understand.md [2ms]
2023-08-22 01:50:53.791 [info] > git cat-file -s 2598874eeddbff07906dcf51e64c2a2d7ae1ddaa [1ms]
2023-08-22 01:50:55.362 [info] > git show --textconv :1_Projects/Phylosophy/2023-08-15_Entropy.md [9ms]
2023-08-22 01:50:55.365 [info] > git ls-files --stage -- /home/alex/obsidian/1_Projects/Phylosophy/2023-08-15_Entropy.md [3ms]
2023-08-22 01:50:55.374 [info] > git cat-file -s af26d9d5cdf8b5bba8ad8e6e4a02d8617023e6a5 [3ms]
2023-08-22 01:50:56.176 [info] > git show --textconv :1_Projects/Phylosophy/2023-08-15_thinking_too_much.md [8ms]
2023-08-22 01:50:56.177 [info] > git ls-files --stage -- /home/alex/obsidian/1_Projects/Phylosophy/2023-08-15_thinking_too_much.md [2ms]
2023-08-22 01:50:56.184 [info] > git cat-file -s d73f8f8874bae5743524870deb9eb52b233de4e0 [1ms]
2023-08-22 01:50:58.465 [info] > git show --textconv :1_Projects/Phylosophy/2023-08-15_definition_of_time.md [13ms]
2023-08-22 01:50:58.466 [info] > git ls-files --stage -- /home/alex/obsidian/1_Projects/Phylosophy/2023-08-15_definition_of_time.md [0ms]
2023-08-22 01:50:58.475 [info] > git cat-file -s 461f2d876e028c18671e28b6ca26c09e80d80e40 [2ms]
2023-08-22 01:50:59.515 [info] > git show --textconv :1_Projects/Phylosophy/2023-08-15_one-way_processes.md [6ms]
2023-08-22 01:50:59.516 [info] > git ls-files --stage -- /home/alex/obsidian/1_Projects/Phylosophy/2023-08-15_one-way_processes.md [1ms]
2023-08-22 01:50:59.522 [info] > git cat-file -s c124829c49bbde6e9d5996696cb2f1d4b9ec14e2 [1ms]
2023-08-22 01:51:07.481 [info] > git show --textconv :1_Projects/Phylosophy/2023-08-15_thinking_too_much.md [8ms]
2023-08-22 01:51:07.482 [info] > git ls-files --stage -- /home/alex/obsidian/1_Projects/Phylosophy/2023-08-15_thinking_too_much.md [1ms]
2023-08-22 01:51:07.489 [info] > git cat-file -s d73f8f8874bae5743524870deb9eb52b233de4e0 [1ms]
2023-08-22 01:51:11.868 [info] > git show --textconv :1_Projects/Phylosophy/2023-08-15_one-way_processes.md [7ms]
2023-08-22 01:51:11.871 [info] > git ls-files --stage -- /home/alex/obsidian/1_Projects/Phylosophy/2023-08-15_one-way_processes.md [3ms]
2023-08-22 01:51:11.880 [info] > git cat-file -s c124829c49bbde6e9d5996696cb2f1d4b9ec14e2 [2ms]
2023-08-22 01:51:23.706 [info] > git show --textconv :1_Projects/Phylosophy/2023-08-15_Entropy.md [22ms]
2023-08-22 01:51:23.709 [info] > git ls-files --stage -- /home/alex/obsidian/1_Projects/Phylosophy/2023-08-15_Entropy.md [5ms]
2023-08-22 01:51:23.731 [info] > git cat-file -s af26d9d5cdf8b5bba8ad8e6e4a02d8617023e6a5 [4ms]
2023-08-22 01:51:25.957 [info] > git show --textconv :1_Projects/Phylosophy/2023-08-09_Subject.md [21ms]
2023-08-22 01:51:25.960 [info] > git ls-files --stage -- /home/alex/obsidian/1_Projects/Phylosophy/2023-08-09_Subject.md [4ms]
2023-08-22 01:51:25.980 [info] > git cat-file -s c14489e6d915a9fc59817e3f2571c90644d23830 [4ms]
2023-08-22 01:51:33.444 [info] > git show --textconv :1_Projects/Phylosophy/2023-08-09_Stoic_approach_to_subject.md [26ms]
2023-08-22 01:51:33.448 [info] > git ls-files --stage -- /home/alex/obsidian/1_Projects/Phylosophy/2023-08-09_Stoic_approach_to_subject.md [7ms]
2023-08-22 01:51:33.465 [info] > git cat-file -s 727619e3dc506bb60920f0608e63266a2ef8a550 [3ms]
2023-08-22 01:51:34.137 [info] > git show --textconv :1_Projects/Phylosophy/2023-08-09_Fundamental_things_I_dont_understand.md [7ms]
2023-08-22 01:51:34.138 [info] > git ls-files --stage -- /home/alex/obsidian/1_Projects/Phylosophy/2023-08-09_Fundamental_things_I_dont_understand.md [2ms]
2023-08-22 01:51:34.145 [info] > git cat-file -s 2598874eeddbff07906dcf51e64c2a2d7ae1ddaa [1ms]
2023-08-22 01:51:35.345 [info] > git show --textconv :1_Projects/Phylosophy/2023-08-15_Entropy.md [22ms]
2023-08-22 01:51:35.348 [info] > git ls-files --stage -- /home/alex/obsidian/1_Projects/Phylosophy/2023-08-15_Entropy.md [5ms]
2023-08-22 01:51:35.370 [info] > git cat-file -s af26d9d5cdf8b5bba8ad8e6e4a02d8617023e6a5 [5ms]
2023-08-22 01:51:44.154 [info] > git show --textconv :1_Projects/Phylosophy/2023-08-09_Subject_and_Matter.md [8ms]
2023-08-22 01:51:44.155 [info] > git ls-files --stage -- /home/alex/obsidian/1_Projects/Phylosophy/2023-08-09_Subject_and_Matter.md [2ms]
2023-08-22 01:51:44.162 [info] > git cat-file -s defb704277b326b5389e9063280e7c227066d09f [1ms]
2023-08-22 01:51:44.728 [info] > git show --textconv :1_Projects/Phylosophy/2023-08-15_definition_of_time.md [7ms]
2023-08-22 01:51:44.729 [info] > git ls-files --stage -- /home/alex/obsidian/1_Projects/Phylosophy/2023-08-15_definition_of_time.md [2ms]
2023-08-22 01:51:44.735 [info] > git cat-file -s 461f2d876e028c18671e28b6ca26c09e80d80e40 [1ms]
2023-08-22 01:51:50.265 [info] > git show --textconv :1_Projects/Phylosophy/2023-08-09_Subject_and_Matter.md [6ms]
2023-08-22 01:51:50.266 [info] > git ls-files --stage -- /home/alex/obsidian/1_Projects/Phylosophy/2023-08-09_Subject_and_Matter.md [1ms]
2023-08-22 01:51:50.272 [info] > git cat-file -s defb704277b326b5389e9063280e7c227066d09f [2ms]
2023-08-22 01:51:57.563 [info] > git show --textconv :1_Projects/Phylosophy/1_Directions.md [7ms]
2023-08-22 01:51:57.564 [info] > git ls-files --stage -- /home/alex/obsidian/1_Projects/Phylosophy/1_Directions.md [2ms]
2023-08-22 01:51:57.572 [info] > git cat-file -s 5cdd5b8707b455022d8e180bb7df484f0a26600c [2ms]
